Script handler ready. Waiting for a while to ensure all other mods are done messing with NEI.
Starting NEI Filter scripting. This might take a moment to load all the modules...
Engine: JAVASCRIPT
Setting up Java Library...
Setting up FML Library...
Setting up NEI Library...
Setting up CreativeTab library...
Found creative tab: agricraft
Found creative tab: materials
Found creative tab: aroma1997core:creativetab
Found creative tab: aroma1997sdimension:creativeTabDW
Found creative tab: tabGeneral
Found creative tab: tabArtifacts
Found creative tab: avaritia
Found creative tab: tools
Found creative tab: BiblioCraft
Found creative tab: BiblioCraftLights
Found creative tab: BiblioWoodsNatura
Found creative tab: BigReactors
Found creative tab: Botania
Found creative tab: buildingBlocks
Found creative tab: buildcraft.main
Found creative tab: buildcraft.boards
Found creative tab: buildcraft.pipes
Found creative tab: buildcraft.gates
Found creative tab: CarpentersBlocks
Found creative tab: misc
Found creative tab: ComputerCraft
Found creative tab: DefenseTech
Found creative tab: blocksAndItems
Found creative tab: food
Found creative tab: toolsAndWeapons
Found creative tab: EnderIO
Found creative tab: decorations
Found creative tab: SpaceItemsTab
Found creative tab: SpaceBlocksTab
Found creative tab: SpaceToolsTab
Found creative tab: SpaceArmorTab
Found creative tab: extratic.parts
Found creative tab: extratic.blocks
Found creative tab: extratic.items
Found creative tab: extratic.buckets
Found creative tab: extraUtil
Found creative tab: combat
Found creative tab: extraUtil_FMP
Found creative tab: flabs.bfct
Found creative tab: GalacticraftItems
Found creative tab: GalacticraftBlocks
Found creative tab: ImmersiveEngineering
Found creative tab: Logistics_Pipes
Found creative tab: redstone
Found creative tab: transportation
Found creative tab: Magneticraft|Industrial Age
Found creative tab: Magneticraft|Steam Age
Found creative tab: Magneticraft|Main
Found creative tab: Magneticraft|Electrical Age
Found creative tab: Magneticraft|Information Age
Found creative tab: tabMekanism
Found creative tab: MineFactory Reloaded
Found creative tab: natura.plants
Found creative tab: natura.nether
Found creative tab: natura.trees
Found creative tab: Nether Ores
Found creative tab: tabOpenBlocks
Found creative tab: tabPneumaticCraft
Found creative tab: TConstructBlocks
Found creative tab: core
Found creative tab: expansion
Found creative tab: exploration
Found creative tab: ill
Found creative tab: int
Found creative tab: trans
Found creative tab: transport
Found creative tab: ProjectE
Found creative tab: Random Things
Found creative tab: redstonearsenal.creativeTab
Found creative tab: Redstonic
Found creative tab: solarflux
Found creative tab: storageDrawers
Found creative tab: TConstructWeaponry
Found creative tab: TConstructParts
Found creative tab: TConstructTools
Found creative tab: TConstructMaterials
Found creative tab: TConstructEquipables
Found creative tab: thermaldynamics.creativeTab
Found creative tab: thermalexpansion.creativeTabBlocks
Found creative tab: thermalexpansion.creativeTabItems
Found creative tab: thermalexpansion.creativeTabTools
Found creative tab: thermalexpansion.creativeTabFlorbs
Found creative tab: thermalfoundation.creativeTab
Found creative tab: ThermalSmeltery
Found creative tab: TiConAutoToolStation
Found creative tab: ztones
Found creative tab: bdew.ae2stuff
Found creative tab: ae2wct
Found creative tab: Aether Materials
Found creative tab: Aether Blocks
Found creative tab: Aether Miscellaneous
Found creative tab: Aether Food
Found creative tab: Aether Accessories
Found creative tab: Aether Weapons
Found creative tab: Companions
Found creative tab: Aether Tools
Found creative tab: Aether Armor
Found creative tab: aobd
Found creative tab: appliedenergistics2
Found creative tab: appliedenergistics2.facades
Found creative tab: avaritiaddons
Found creative tab: Baublelicious
Found creative tab: betterquesting
Found creative tab: tabFurniture
Found creative tab: chancecubes
Found creative tab: tabWoodChiselBlocks
Found creative tab: tabStairChiselBlocks
Found creative tab: tabModdedChiselBlocks
Found creative tab: tabStoneChiselBlocks
Found creative tab: tabOtherChiselBlocks
Found creative tab: tabChisel
Found creative tab: tabMetalChiselBlocks
Found creative tab: cookingbook
Found creative tab: erebus.plants
Found creative tab: erebus.block
Found creative tab: erebus.special
Found creative tab: erebus.gear
Found creative tab: erebus.item
Found creative tab: eternalsingularity
Found creative tab: tabExAstrisRebirth
Found creative tab: Extra_Cells
Found creative tab: hardcorewither.creativeTab
Found creative tab: tabHarvestCraft2
Found creative tab: tabHarvestCraft3
Found creative tab: tabHarvestCraft
Found creative tab: karatgarden
Found creative tab: tabLootPP
Found creative tab: magicalcrops
Found creative tab: magicalcropsarmour
Found creative tab: magicalcropsdeco
Found creative tab: brewing
Found creative tab: openmodularturrets
Found creative tab: peaetherCTab
Found creative tab: tabQuantumFlux
Found creative tab: RfTools
Found creative tab: RfToolsDimlets
Found creative tab: tabSimplyJetpacks
Found creative tab: xreliquary
Setting up ForgeMicroblock Library...
Setting up ExtraUtilities Library...
Setting up BuildCraft Library...
Setting up Applied Energistics 2 Library...
Loading table of contents for module: custom_nei_filters, 1.0, Author: denoflionsx
Bootstrap setting found. Loading: Bootstrap.js
Loading: vanilla.js
hide called. Params: minecraft, portal
Regex match found! minecraft:portal matches minecraft:portal.
Found ItemStack minecraft:portal. 64xtile.portal@0
hide called. Params: minecraft, end_portal
Regex match found! minecraft:end_portal matches minecraft:end_portal.
Found ItemStack minecraft:end_portal. 64xtile.null@0
hide called. Params: minecraft, fire
Regex match found! minecraft:fire matches minecraft:fire.
Found ItemStack minecraft:fire. 64xtile.fire@0
hide called. Params: minecraft, water
Regex match found! minecraft:water matches minecraft:water.
Found ItemStack minecraft:water. 64xtile.water@0
hide called. Params: minecraft, lava
Regex match found! minecraft:lava matches minecraft:lava.
Found ItemStack minecraft:lava. 64xtile.lava@0
hide called. Params: minecraft, mob_spawner
Regex match found! minecraft:mob_spawner matches minecraft:mob_spawner.
Found ItemStack minecraft:mob_spawner. 64xtile.mobSpawner@0
override called. Params: minecraft, potion, 0
Regex match found! minecraft:potion matches minecraft:potion.
Found ItemStack minecraft:potion. 1xitem.potion@0
override called. Params: minecraft, spawn_egg, 0
Regex match found! minecraft:spawn_egg matches minecraft:spawn_egg.
Found ItemStack minecraft:spawn_egg. 64xitem.monsterPlacer@0
Loading: ThermalExpansion.js
override called. Params: ThermalExpansion, florb, 0,1
Regex match found! ThermalExpansion:florb matches ThermalExpansion:florb.
Found ItemStack ThermalExpansion:florb. 16xitem.thermalexpansion.florb@0
Loading: Mekanism.js
override called. Params: Mekanism, GasTank, 100
Regex match found! Mekanism:GasTank matches Mekanism:GasTank.
Found ItemStack Mekanism:GasTank. 1xtile.GasTank@0
override called. Params: Mekanism, *PlasticBlock, 0
Regex match found! Mekanism:*PlasticBlock matches Mekanism:GlowPlasticBlock.
Regex match found! Mekanism:*PlasticBlock matches Mekanism:PlasticBlock.
Regex match found! Mekanism:*PlasticBlock matches Mekanism:ReinforcedPlasticBlock.
Regex match found! Mekanism:*PlasticBlock matches Mekanism:RoadPlasticBlock.
Regex match found! Mekanism:*PlasticBlock matches Mekanism:SlickPlasticBlock.
Found ItemStack Mekanism:GlowPlasticBlock. 64xtile.GlowPlasticBlock@0
Found ItemStack Mekanism:PlasticBlock. 64xtile.PlasticBlock@0
Found ItemStack Mekanism:ReinforcedPlasticBlock. 64xtile.ReinforcedPlasticBlock@0
Found ItemStack Mekanism:RoadPlasticBlock. 64xtile.RoadPlasticBlock@0
Found ItemStack Mekanism:SlickPlasticBlock. 64xtile.SlickPlasticBlock@0
override called. Params: Mekanism, Balloon, 0
Regex match found! Mekanism:Balloon matches Mekanism:Balloon.
Found ItemStack Mekanism:Balloon. 64xitem.Balloon@0
override called. Params: Mekanism, GlowPanel, 0
Regex match found! Mekanism:GlowPanel matches Mekanism:GlowPanel.
Found ItemStack Mekanism:GlowPanel. 64xitem.GlowPanel@0
Loading: ForgeMicroblock.js
getRandomMaterial called. Returned: ImmersiveEngineering:metalDecoration_1
obliterate_microblocks called (version in info.inpureprojects.core.NEI.gtfoMicroblocks.ScriptObjects.ForgeMicroblockObject). Params: 1,2,4,257,258,260,513,514,516,769,770,772, ImmersiveEngineering:metalDecoration_1
Loading: ExtraUtilities.js
override called. Params: ExtraUtilities, drum, 0,1
Regex match found! ExtraUtilities:drum matches ExtraUtilities:drum.
Found ItemStack ExtraUtilities:drum. 64xtile.extrautils:drum@0
getRandomMaterial called. Returned: ImmersiveEngineering:storage_2
obliterate_microblocks called (version in info.inpureprojects.core.NEI.gtfoMicroblocks.ScriptObjects.ExtraUtilitiesObject). Params: 1,2,3, ImmersiveEngineering:storage_2
Loading: BuildCraft.js
getFacadesSize called. Returned: 4321
obliterate_microblocks called (version in info.inpureprojects.core.NEI.gtfoMicroblocks.ScriptObjects.BCObject). Params: 678
Loading: Bibliocraft.js
override called. Params: BiblioCraft, *, 0
Regex match found! BiblioCraft:* matches BiblioCraft:Armor Stand.
Regex match found! BiblioCraft:* matches BiblioCraft:BiblioBell.
Regex match found! BiblioCraft:* matches BiblioCraft:BiblioBorderlessPainting.
Regex match found! BiblioCraft:* matches BiblioCraft:BiblioCase.
Regex match found! BiblioCraft:* matches BiblioCraft:BiblioClipboard.
Regex match found! BiblioCraft:* matches BiblioCraft:BiblioClock.
Regex match found! BiblioCraft:* matches BiblioCraft:BiblioDesk.
Regex match found! BiblioCraft:* matches BiblioCraft:BiblioFancyPainting.
Regex match found! BiblioCraft:* matches BiblioCraft:BiblioFancySign.
Regex match found! BiblioCraft:* matches BiblioCraft:BiblioFlatPainting.
Regex match found! BiblioCraft:* matches BiblioCraft:BiblioIronLamp.
Regex match found! BiblioCraft:* matches BiblioCraft:BiblioIronLantern.
Regex match found! BiblioCraft:* matches BiblioCraft:BiblioLabel.
Regex match found! BiblioCraft:* matches BiblioCraft:BiblioLamp.
Regex match found! BiblioCraft:* matches BiblioCraft:BiblioLantern.
Regex match found! BiblioCraft:* matches BiblioCraft:BiblioMapFrames.
Regex match found! BiblioCraft:* matches BiblioCraft:BiblioMiddlePainting.
Regex match found! BiblioCraft:* matches BiblioCraft:BiblioPaintPress.
Regex match found! BiblioCraft:* matches BiblioCraft:BiblioPaneler.
Regex match found! BiblioCraft:* matches BiblioCraft:BiblioPotionShelf.
Regex match found! BiblioCraft:* matches BiblioCraft:BiblioRack.
Regex match found! BiblioCraft:* matches BiblioCraft:BiblioSeats.
Regex match found! BiblioCraft:* matches BiblioCraft:BiblioShelf.
Regex match found! BiblioCraft:* matches BiblioCraft:BiblioSimplePainting.
Regex match found! BiblioCraft:* matches BiblioCraft:BiblioStuffs.
Regex match found! BiblioCraft:* matches BiblioCraft:BiblioSwordPedestal.
Regex match found! BiblioCraft:* matches BiblioCraft:BiblioTable.
Regex match found! BiblioCraft:* matches BiblioCraft:BiblioTypewriter.
Regex match found! BiblioCraft:* matches BiblioCraft:BiblioWorkbench.
Regex match found! BiblioCraft:* matches BiblioCraft:Bibliotheca.
Regex match found! BiblioCraft:* matches BiblioCraft:BookcaseFilled.
Regex match found! BiblioCraft:* matches BiblioCraft:Printing Press.
Regex match found! BiblioCraft:* matches BiblioCraft:Typesetting Machine.
Regex match found! BiblioCraft:* matches BiblioCraft:item.AtlasBook.
Regex match found! BiblioCraft:* matches BiblioCraft:item.AtlasPlate.
Regex match found! BiblioCraft:* matches BiblioCraft:item.BiblioChase.
Regex match found! BiblioCraft:* matches BiblioCraft:item.BiblioClipboard.
Regex match found! BiblioCraft:* matches BiblioCraft:item.BiblioCreativeLock.
Regex match found! BiblioCraft:* matches BiblioCraft:item.BiblioDrill.
Regex match found! BiblioCraft:* matches BiblioCraft:item.BiblioGlasses.
Regex match found! BiblioCraft:* matches BiblioCraft:item.BiblioMapTool.
Regex match found! BiblioCraft:* matches BiblioCraft:item.BiblioRedBook.
Regex match found! BiblioCraft:* matches BiblioCraft:item.BiblioWayPointCompass.
Regex match found! BiblioCraft:* matches BiblioCraft:item.BigBook.
Regex match found! BiblioCraft:* matches BiblioCraft:item.DeathCompass.
Regex match found! BiblioCraft:* matches BiblioCraft:item.EnchantedPlate.
Regex match found! BiblioCraft:* matches BiblioCraft:item.FramingBoard.
Regex match found! BiblioCraft:* matches BiblioCraft:item.FramingSaw.
Regex match found! BiblioCraft:* matches BiblioCraft:item.FramingSheet.
Regex match found! BiblioCraft:* matches BiblioCraft:item.HandDrill.
Regex match found! BiblioCraft:* matches BiblioCraft:item.PaintingCanvas.
Regex match found! BiblioCraft:* matches BiblioCraft:item.PlumbLine.
Regex match found! BiblioCraft:* matches BiblioCraft:item.PrintPlate.
Regex match found! BiblioCraft:* matches BiblioCraft:item.RecipeBook.
Regex match found! BiblioCraft:* matches BiblioCraft:item.SlottedBook.
Regex match found! BiblioCraft:* matches BiblioCraft:item.StockroomCatalog.
Regex match found! BiblioCraft:* matches BiblioCraft:item.TesterItem.
Regex match found! BiblioCraft:* matches BiblioCraft:item.seatBack.
Regex match found! BiblioCraft:* matches BiblioCraft:item.seatBack2.
Regex match found! BiblioCraft:* matches BiblioCraft:item.seatBack3.
Regex match found! BiblioCraft:* matches BiblioCraft:item.seatBack4.
Regex match found! BiblioCraft:* matches BiblioCraft:item.seatBack5.
Regex match found! BiblioCraft:* matches BiblioCraft:item.tape.
Regex match found! BiblioCraft:* matches BiblioCraft:item.tapeMeasure.
Regex match found! BiblioCraft:* matches BiblioCraft:tile.BiblioFramedChest.
Found ItemStack BiblioCraft:Armor Stand. 64xtile.BiblioArmorStand@0
Found ItemStack BiblioCraft:BiblioBell. 64xtile.BiblioBell@0
Found ItemStack BiblioCraft:BiblioBorderlessPainting. 64xtile.BiblioBorderlessPainting@0
Found ItemStack BiblioCraft:BiblioCase. 64xtile.BiblioCase@0
Found ItemStack BiblioCraft:BiblioClipboard. 64xtile.BiblioClipboard@0
Found ItemStack BiblioCraft:BiblioClock. 64xtile.BiblioClock@0
Found ItemStack BiblioCraft:BiblioDesk. 64xtile.BiblioDesk@0
Found ItemStack BiblioCraft:BiblioFancyPainting. 64xtile.BiblioFancyPainting@0
Found ItemStack BiblioCraft:BiblioFancySign. 64xtile.BiblioFancySign@0
Found ItemStack BiblioCraft:BiblioFlatPainting. 64xtile.BiblioFlatPainting@0
Found ItemStack BiblioCraft:BiblioIronLamp. 64xtile.BiblioIronLamp@0
Found ItemStack BiblioCraft:BiblioIronLantern. 64xtile.BiblioIronLantern@0
Found ItemStack BiblioCraft:BiblioLabel. 64xtile.BiblioLabel@0
Found ItemStack BiblioCraft:BiblioLamp. 64xtile.BiblioLamp@0
Found ItemStack BiblioCraft:BiblioLantern. 64xtile.BiblioLantern@0
Found ItemStack BiblioCraft:BiblioMapFrames. 64xtile.BiblioMapFrames@0
Found ItemStack BiblioCraft:BiblioMiddlePainting. 64xtile.BiblioMiddlePainting@0
Found ItemStack BiblioCraft:BiblioPaintPress. 64xtile.BiblioPaintPress@0
Found ItemStack BiblioCraft:BiblioPaneler. 64xtile.BiblioPaneler@0
Found ItemStack BiblioCraft:BiblioPotionShelf. 64xtile.BiblioPotionShelf@0
Found ItemStack BiblioCraft:BiblioRack. 64xtile.BiblioRack@0
Found ItemStack BiblioCraft:BiblioSeats. 64xtile.BiblioSeats@0
Found ItemStack BiblioCraft:BiblioShelf. 64xtile.BiblioShelf@0
Found ItemStack BiblioCraft:BiblioSimplePainting. 64xtile.BiblioSimplePainting@0
Found ItemStack BiblioCraft:BiblioStuffs. 64xtile.BiblioStuffs@0
Found ItemStack BiblioCraft:BiblioSwordPedestal. 64xtile.BiblioSwordPedestal@0
Found ItemStack BiblioCraft:BiblioTable. 64xtile.BiblioTable@0
Found ItemStack BiblioCraft:BiblioTypewriter. 64xtile.BiblioTypewriter@0
Found ItemStack BiblioCraft:BiblioWorkbench. 64xtile.BiblioWorkbench@0
Found ItemStack BiblioCraft:Bibliotheca. 64xtile.BiblioBookcase@0
Found ItemStack BiblioCraft:BookcaseFilled. 64xtile.BookcaseFilled@0
Found ItemStack BiblioCraft:Printing Press. 64xtile.BiblioPress@0
Found ItemStack BiblioCraft:Typesetting Machine. 64xtile.BiblioType@0
Found ItemStack BiblioCraft:item.AtlasBook. 1xitem.AtlasBook@0
Found ItemStack BiblioCraft:item.AtlasPlate. 1xitem.AtlasPlate@0
Found ItemStack BiblioCraft:item.BiblioChase. 64xitem.BiblioChase@0
Found ItemStack BiblioCraft:item.BiblioClipboard. 1xitem.BiblioClipboard@0
Found ItemStack BiblioCraft:item.BiblioCreativeLock. 1xitem.BiblioCreativeLock@0
Found ItemStack BiblioCraft:item.BiblioDrill. 1xitem.BiblioDrill@0
Found ItemStack BiblioCraft:item.BiblioGlasses. 1xitem.BiblioGlasses@0
Found ItemStack BiblioCraft:item.BiblioMapTool. 1xitem.BiblioMapTool@0
Found ItemStack BiblioCraft:item.BiblioRedBook. 64xitem.BiblioRedBook@0
Found ItemStack BiblioCraft:item.BiblioWayPointCompass. 1xitem.BiblioWayPointCompass@0
Found ItemStack BiblioCraft:item.BigBook. 1xitem.BigBook@0
Found ItemStack BiblioCraft:item.DeathCompass. 64xitem.DeathCompass@0
Found ItemStack BiblioCraft:item.EnchantedPlate. 1xitem.EnchantedPlate@0
Found ItemStack BiblioCraft:item.FramingBoard. 64xitem.FramingBoard@0
Found ItemStack BiblioCraft:item.FramingSaw. 1xitem.FramingSaw@0
Found ItemStack BiblioCraft:item.FramingSheet. 64xitem.FramingSheet@0
Found ItemStack BiblioCraft:item.HandDrill. 1xitem.HandDrill@0
Found ItemStack BiblioCraft:item.PaintingCanvas. 64xitem.PaintingCanvas@0
Found ItemStack BiblioCraft:item.PlumbLine. 1xitem.PlumbLine@0
Found ItemStack BiblioCraft:item.PrintPlate. 1xitem.PrintPlate@0
Found ItemStack BiblioCraft:item.RecipeBook. 1xitem.RecipeBook@0
Found ItemStack BiblioCraft:item.SlottedBook. 1xitem.SlottedBook@0
Found ItemStack BiblioCraft:item.StockroomCatalog. 1xitem.StockroomCatalog@0
Found ItemStack BiblioCraft:item.TesterItem. 1xitem.TesterItem@0
Found ItemStack BiblioCraft:item.seatBack. 64xitem.seatBack@0
Found ItemStack BiblioCraft:item.seatBack2. 64xitem.seatBack@0
Found ItemStack BiblioCraft:item.seatBack3. 64xitem.seatBack@0
Found ItemStack BiblioCraft:item.seatBack4. 64xitem.seatBack@0
Found ItemStack BiblioCraft:item.seatBack5. 64xitem.seatBack@0
Found ItemStack BiblioCraft:item.tape. 64xitem.tape@0
Found ItemStack BiblioCraft:item.tapeMeasure. 1xitem.tapeMeasure@0
Found ItemStack BiblioCraft:tile.BiblioFramedChest. 64xtile.BiblioFramedChest@0
Loading: AppliedEnergistics2.js
getFacadeItem called. Returned: appliedenergistics2:item.ItemFacade
getSubTypes called.
getNumberOfTypes called. Returned: 3281
override called. Params: appliedenergistics2, item.ItemFacade, 1910
Regex match found! appliedenergistics2:item.ItemFacade matches appliedenergistics2:item.ItemFacade.
Found ItemStack appliedenergistics2:item.ItemFacade. 64xitem.appliedenergistics2.ItemFacade@0
Loading: Tcon.js
override called. Params: TConstruct, tool*, 0
Regex match found! TConstruct:tool* matches TConstruct:toolRod.
Regex match found! TConstruct:tool* matches TConstruct:toolShard.
Found ItemStack TConstruct:toolRod. 64xitem.tconstruct.ToolRod@0
Found ItemStack TConstruct:toolShard. 64xitem.tconstruct.ToolShard@0
override called. Params: TConstruct, binding, 0
Regex match found! TConstruct:binding matches TConstruct:binding.
Found ItemStack TConstruct:binding. 64xitem.tconstruct.Binding@0
override called. Params: TConstruct, scytheBlade, 0
Regex match found! TConstruct:scytheBlade matches TConstruct:scytheBlade.
Found ItemStack TConstruct:scytheBlade. 64xitem.tconstruct.ScytheHead@0
override called. Params: TConstruct, ToolForgeBlock, 0
Regex match found! TConstruct:ToolForgeBlock matches TConstruct:ToolForgeBlock.
Found ItemStack TConstruct:ToolForgeBlock. 64xtile.ToolForge@0
override called. Params: TConstruct, buckets, 0
Regex match found! TConstruct:buckets matches TConstruct:buckets.
Found ItemStack TConstruct:buckets. 1xitem.tconstruct.bucket@0
override called. Params: TConstruct, GlassPaneClearStained, 0
Regex match found! TConstruct:GlassPaneClearStained matches TConstruct:GlassPaneClearStained.
Found ItemStack TConstruct:GlassPaneClearStained. 64xtile.tconstruct.glasspanestained@0
override called. Params: TConstruct, GlassBlock.Stained*, 0
Regex match found! TConstruct:GlassBlock.Stained* matches TConstruct:GlassBlock.StainedClear.
Found ItemStack TConstruct:GlassBlock.StainedClear. 64xtile.GlassBlock.StainedClear@0
hide called. Params: TConstruct, fluid.molten.*
Regex match found! TConstruct:fluid.molten.* matches TConstruct:fluid.molten.alubrass.
Regex match found! TConstruct:fluid.molten.* matches TConstruct:fluid.molten.aluminum.
Regex match found! TConstruct:fluid.molten.* matches TConstruct:fluid.molten.alumite.
Regex match found! TConstruct:fluid.molten.* matches TConstruct:fluid.molten.ardite.
Regex match found! TConstruct:fluid.molten.* matches TConstruct:fluid.molten.bronze.
Regex match found! TConstruct:fluid.molten.* matches TConstruct:fluid.molten.cobalt.
Regex match found! TConstruct:fluid.molten.* matches TConstruct:fluid.molten.copper.
Regex match found! TConstruct:fluid.molten.* matches TConstruct:fluid.molten.electrum.
Regex match found! TConstruct:fluid.molten.* matches TConstruct:fluid.molten.enderium.
Regex match found! TConstruct:fluid.molten.* matches TConstruct:fluid.molten.glass.
Regex match found! TConstruct:fluid.molten.* matches TConstruct:fluid.molten.gold.
Regex match found! TConstruct:fluid.molten.* matches TConstruct:fluid.molten.invar.
Regex match found! TConstruct:fluid.molten.* matches TConstruct:fluid.molten.iron.
Regex match found! TConstruct:fluid.molten.* matches TConstruct:fluid.molten.lead.
Regex match found! TConstruct:fluid.molten.* matches TConstruct:fluid.molten.lumium.
Regex match found! TConstruct:fluid.molten.* matches TConstruct:fluid.molten.manyullyn.
Regex match found! TConstruct:fluid.molten.* matches TConstruct:fluid.molten.mithril.
Regex match found! TConstruct:fluid.molten.* matches TConstruct:fluid.molten.nickel.
Regex match found! TConstruct:fluid.molten.* matches TConstruct:fluid.molten.obsidian.
Regex match found! TConstruct:fluid.molten.* matches TConstruct:fluid.molten.pigiron.
Regex match found! TConstruct:fluid.molten.* matches TConstruct:fluid.molten.shiny.
Regex match found! TConstruct:fluid.molten.* matches TConstruct:fluid.molten.signalum.
Regex match found! TConstruct:fluid.molten.* matches TConstruct:fluid.molten.silver.
Regex match found! TConstruct:fluid.molten.* matches TConstruct:fluid.molten.steel.
Regex match found! TConstruct:fluid.molten.* matches TConstruct:fluid.molten.tin.
Found ItemStack TConstruct:fluid.molten.alubrass. 64xtile.fluid.molten.alubrass@0
Found ItemStack TConstruct:fluid.molten.aluminum. 64xtile.fluid.molten.aluminum@0
Found ItemStack TConstruct:fluid.molten.alumite. 64xtile.fluid.molten.alumite@0
Found ItemStack TConstruct:fluid.molten.ardite. 64xtile.fluid.molten.ardite@0
Found ItemStack TConstruct:fluid.molten.bronze. 64xtile.fluid.molten.bronze@0
Found ItemStack TConstruct:fluid.molten.cobalt. 64xtile.fluid.molten.cobalt@0
Found ItemStack TConstruct:fluid.molten.copper. 64xtile.fluid.molten.copper@0
Found ItemStack TConstruct:fluid.molten.electrum. 64xtile.fluid.molten.electrum@0
Found ItemStack TConstruct:fluid.molten.enderium. 64xtile.fluid.molten.enderium@0
Found ItemStack TConstruct:fluid.molten.glass. 64xtile.fluid.molten.glass@0
Found ItemStack TConstruct:fluid.molten.gold. 64xtile.fluid.molten.gold@0
Found ItemStack TConstruct:fluid.molten.invar. 64xtile.fluid.molten.invar@0
Found ItemStack TConstruct:fluid.molten.iron. 64xtile.fluid.molten.iron@0
Found ItemStack TConstruct:fluid.molten.lead. 64xtile.fluid.molten.lead@0
Found ItemStack TConstruct:fluid.molten.lumium. 64xtile.fluid.molten.lumium@0
Found ItemStack TConstruct:fluid.molten.manyullyn. 64xtile.fluid.molten.manyullyn@0
Found ItemStack TConstruct:fluid.molten.mithril. 64xtile.fluid.molten.mithril@0
Found ItemStack TConstruct:fluid.molten.nickel. 64xtile.fluid.molten.nickel@0
Found ItemStack TConstruct:fluid.molten.obsidian. 64xtile.fluid.molten.obsidian@0
Found ItemStack TConstruct:fluid.molten.pigiron. 64xtile.fluid.molten.pigiron@0
Found ItemStack TConstruct:fluid.molten.shiny. 64xtile.fluid.molten.shiny@0
Found ItemStack TConstruct:fluid.molten.signalum. 64xtile.fluid.molten.signalum@0
Found ItemStack TConstruct:fluid.molten.silver. 64xtile.fluid.molten.silver@0
Found ItemStack TConstruct:fluid.molten.steel. 64xtile.fluid.molten.steel@0
Found ItemStack TConstruct:fluid.molten.tin. 64xtile.fluid.molten.tin@0
override_with_nbt called. Params: TConstruct, pickaxe
Regex match found! TConstruct:pickaxe matches TConstruct:pickaxe.
Found ItemStack TConstruct:pickaxe. 1xitem.InfiTool.Pickaxe@0
override_with_nbt called. Params: TConstruct, battleaxe
Regex match found! TConstruct:battleaxe matches TConstruct:battleaxe.
Found ItemStack TConstruct:battleaxe. 1xitem.InfiTool.Battleaxe@0
override_with_nbt called. Params: TConstruct, shovel
Regex match found! TConstruct:shovel matches TConstruct:shovel.
Found ItemStack TConstruct:shovel. 1xitem.InfiTool.Shovel@0
override_with_nbt called. Params: TConstruct, hatchet
Regex match found! TConstruct:hatchet matches TConstruct:hatchet.
Found ItemStack TConstruct:hatchet. 1xitem.InfiTool.Axe@0
override_with_nbt called. Params: TConstruct, broadsword
Regex match found! TConstruct:broadsword matches TConstruct:broadsword.
Found ItemStack TConstruct:broadsword. 1xitem.InfiTool.Broadsword@0
override_with_nbt called. Params: TConstruct, longsword
Regex match found! TConstruct:longsword matches TConstruct:longsword.
Found ItemStack TConstruct:longsword. 1xitem.InfiTool.Longsword@0
override_with_nbt called. Params: TConstruct, rapier
Regex match found! TConstruct:rapier matches TConstruct:rapier.
Found ItemStack TConstruct:rapier. 1xitem.InfiTool.Rapier@0
override_with_nbt called. Params: TConstruct, dagger
Regex match found! TConstruct:dagger matches TConstruct:dagger.
Found ItemStack TConstruct:dagger. 1xitem.InfiTool.Dagger@0
override_with_nbt called. Params: TConstruct, cutlass
Regex match found! TConstruct:cutlass matches TConstruct:cutlass.
Found ItemStack TConstruct:cutlass. 1xitem.InfiTool.Cutlass@0
override_with_nbt called. Params: TConstruct, frypan
Regex match found! TConstruct:frypan matches TConstruct:frypan.
Found ItemStack TConstruct:frypan. 1xitem.InfiTool.FryPan@0
override_with_nbt called. Params: TConstruct, battlesign
Regex match found! TConstruct:battlesign matches TConstruct:battlesign.
Found ItemStack TConstruct:battlesign. 1xitem.InfiTool.Battlesign@0
override_with_nbt called. Params: TConstruct, mattock
Regex match found! TConstruct:mattock matches TConstruct:mattock.
Found ItemStack TConstruct:mattock. 1xitem.InfiTool.Mattock@0
override_with_nbt called. Params: TConstruct, chisel
Regex match found! TConstruct:chisel matches TConstruct:chisel.
Found ItemStack TConstruct:chisel. 1xitem.InfiTool.Chisel@0
override_with_nbt called. Params: TConstruct, lumberaxe
Regex match found! TConstruct:lumberaxe matches TConstruct:lumberaxe.
Found ItemStack TConstruct:lumberaxe. 1xitem.InfiTool.LumberAxe@0
override_with_nbt called. Params: TConstruct, cleaver
Regex match found! TConstruct:cleaver matches TConstruct:cleaver.
Found ItemStack TConstruct:cleaver. 1xitem.InfiTool.Cleaver@0
override_with_nbt called. Params: TConstruct, scythe
Regex match found! TConstruct:scythe matches TConstruct:scythe.
Found ItemStack TConstruct:scythe. 1xitem.InfiTool.Scythe@0
override_with_nbt called. Params: TConstruct, excavator
Regex match found! TConstruct:excavator matches TConstruct:excavator.
Found ItemStack TConstruct:excavator. 1xitem.InfiTool.Excavator@0
override_with_nbt called. Params: TConstruct, hammer
Regex match found! TConstruct:hammer matches TConstruct:hammer.
Found ItemStack TConstruct:hammer. 1xitem.InfiTool.Hammer@0
override_with_nbt called. Params: TConstruct, Shuriken
Regex match found! TConstruct:Shuriken matches TConstruct:Shuriken.
Found ItemStack TConstruct:Shuriken. 1xitem.InfiTool@0
override_with_nbt called. Params: TConstruct, ThrowingKnife
Regex match found! TConstruct:ThrowingKnife matches TConstruct:ThrowingKnife.
Found ItemStack TConstruct:ThrowingKnife. 1xitem.InfiTool@0
override_with_nbt called. Params: TConstruct, Javelin
Regex match found! TConstruct:Javelin matches TConstruct:Javelin.
Found ItemStack TConstruct:Javelin. 1xitem.InfiTool@0
override_with_nbt called. Params: TConstruct, ShortBow
Regex match found! TConstruct:ShortBow matches TConstruct:ShortBow.
Found ItemStack TConstruct:ShortBow. 1xitem.InfiTool@0
override_with_nbt called. Params: TConstruct, arrow
override_with_nbt called. Params: TConstruct, LongBow
Regex match found! TConstruct:LongBow matches TConstruct:LongBow.
Found ItemStack TConstruct:LongBow. 1xitem.InfiTool@0
override_with_nbt called. Params: TConstruct, Crossbow
Regex match found! TConstruct:Crossbow matches TConstruct:Crossbow.
Found ItemStack TConstruct:Crossbow. 1xitem.InfiTool@0
override_with_nbt called. Params: TConstruct, ArrowAmmo
Regex match found! TConstruct:ArrowAmmo matches TConstruct:ArrowAmmo.
Found ItemStack TConstruct:ArrowAmmo. 1xitem.InfiTool@0
override_with_nbt called. Params: TConstruct, BoltAmmo
Regex match found! TConstruct:BoltAmmo matches TConstruct:BoltAmmo.
Found ItemStack TConstruct:BoltAmmo. 1xitem.InfiTool@0
override_with_nbt called. Params: TConstruct, toolRod
Regex match found! TConstruct:toolRod matches TConstruct:toolRod.
Found ItemStack TConstruct:toolRod. 64xitem.tconstruct.ToolRod@0
override_with_nbt called. Params: TConstruct, toolShard
Regex match found! TConstruct:toolShard matches TConstruct:toolShard.
Found ItemStack TConstruct:toolShard. 64xitem.tconstruct.ToolShard@0
override_with_nbt called. Params: TConstruct, pickaxeHead
Regex match found! TConstruct:pickaxeHead matches TConstruct:pickaxeHead.
Found ItemStack TConstruct:pickaxeHead. 64xitem.tconstruct.PickaxeHead@0
override_with_nbt called. Params: TConstruct, shovelHead
Regex match found! TConstruct:shovelHead matches TConstruct:shovelHead.
Found ItemStack TConstruct:shovelHead. 64xitem.tconstruct.ShovelHead@0
override_with_nbt called. Params: TConstruct, hatchetHead
Regex match found! TConstruct:hatchetHead matches TConstruct:hatchetHead.
Found ItemStack TConstruct:hatchetHead. 64xitem.tconstruct.AxeHead@0
override_with_nbt called. Params: TConstruct, binding
Regex match found! TConstruct:binding matches TConstruct:binding.
Found ItemStack TConstruct:binding. 64xitem.tconstruct.Binding@0
override_with_nbt called. Params: TConstruct, toughBinding
Regex match found! TConstruct:toughBinding matches TConstruct:toughBinding.
Found ItemStack TConstruct:toughBinding. 64xitem.tconstruct.ToughBinding@0
override_with_nbt called. Params: TConstruct, toughRod
Regex match found! TConstruct:toughRod matches TConstruct:toughRod.
Found ItemStack TConstruct:toughRod. 64xitem.tconstruct.ToughRod@0
override_with_nbt called. Params: TConstruct, heavyPlate
Regex match found! TConstruct:heavyPlate matches TConstruct:heavyPlate.
Found ItemStack TConstruct:heavyPlate. 64xitem.tconstruct.LargePlate@0
override_with_nbt called. Params: TConstruct, swordBlade
Regex match found! TConstruct:swordBlade matches TConstruct:swordBlade.
Found ItemStack TConstruct:swordBlade. 64xitem.tconstruct.SwordBlade@0
override_with_nbt called. Params: TConstruct, wideGuard
Regex match found! TConstruct:wideGuard matches TConstruct:wideGuard.
Found ItemStack TConstruct:wideGuard. 64xitem.tconstruct.LargeGuard@0
override_with_nbt called. Params: TConstruct, handGuard
Regex match found! TConstruct:handGuard matches TConstruct:handGuard.
Found ItemStack TConstruct:handGuard. 64xitem.tconstruct.MediumGuard@0
override_with_nbt called. Params: TConstruct, crossbar
Regex match found! TConstruct:crossbar matches TConstruct:crossbar.
Found ItemStack TConstruct:crossbar. 64xitem.tconstruct.Crossbar@0
override_with_nbt called. Params: TConstruct, knifeBlade
Regex match found! TConstruct:knifeBlade matches TConstruct:knifeBlade.
Found ItemStack TConstruct:knifeBlade. 64xitem.tconstruct.KnifeBlade@0
override_with_nbt called. Params: TConstruct, frypanHead
Regex match found! TConstruct:frypanHead matches TConstruct:frypanHead.
Found ItemStack TConstruct:frypanHead. 64xitem.tconstruct.FrypanHead@0
override_with_nbt called. Params: TConstruct, signHead
Regex match found! TConstruct:signHead matches TConstruct:signHead.
Found ItemStack TConstruct:signHead. 64xitem.tconstruct.SignHead@0
override_with_nbt called. Params: TConstruct, chiselHead
Regex match found! TConstruct:chiselHead matches TConstruct:chiselHead.
Found ItemStack TConstruct:chiselHead. 64xitem.tconstruct.ChiselHead@0
override_with_nbt called. Params: TConstruct, scytheBlade
Regex match found! TConstruct:scytheBlade matches TConstruct:scytheBlade.
Found ItemStack TConstruct:scytheBlade. 64xitem.tconstruct.ScytheHead@0
override_with_nbt called. Params: TConstruct, broadAxeHead
Regex match found! TConstruct:broadAxeHead matches TConstruct:broadAxeHead.
Found ItemStack TConstruct:broadAxeHead. 64xitem.tconstruct.LumberAxeHead@0
override_with_nbt called. Params: TConstruct, excavatorHead
Regex match found! TConstruct:excavatorHead matches TConstruct:excavatorHead.
Found ItemStack TConstruct:excavatorHead. 64xitem.tconstruct.ExcavatorHead@0
override_with_nbt called. Params: TConstruct, largeSwordBlade
Regex match found! TConstruct:largeSwordBlade matches TConstruct:largeSwordBlade.
Found ItemStack TConstruct:largeSwordBlade. 64xitem.tconstruct.LargeSwordBlade@0
override_with_nbt called. Params: TConstruct, hammerHead
Regex match found! TConstruct:hammerHead matches TConstruct:hammerHead.
Found ItemStack TConstruct:hammerHead. 64xitem.tconstruct.HammerHead@0
override_with_nbt called. Params: TConstruct, bowstring
Regex match found! TConstruct:bowstring matches TConstruct:bowstring.
Found ItemStack TConstruct:bowstring. 64xitem.tconstruct.Bowstring@0
override_with_nbt called. Params: TConstruct, fletching
Regex match found! TConstruct:fletching matches TConstruct:fletching.
Found ItemStack TConstruct:fletching. 64xitem.tconstruct.Fletching@0
override_with_nbt called. Params: TConstruct, arrowhead
Regex match found! TConstruct:arrowhead matches TConstruct:arrowhead.
Found ItemStack TConstruct:arrowhead. 64xitem.tconstruct.ArrowHead@0
override_with_nbt called. Params: TConstruct, ShurikenPart
Regex match found! TConstruct:ShurikenPart matches TConstruct:ShurikenPart.
Found ItemStack TConstruct:ShurikenPart. 64xitem.tconstruct.Shuriken@0
override_with_nbt called. Params: TConstruct, CrossbowLimbPart
Regex match found! TConstruct:CrossbowLimbPart matches TConstruct:CrossbowLimbPart.
Found ItemStack TConstruct:CrossbowLimbPart. 64xitem.tconstruct.CrossbowLimb@0
override_with_nbt called. Params: TConstruct, BowLimbPart
Regex match found! TConstruct:BowLimbPart matches TConstruct:BowLimbPart.
Found ItemStack TConstruct:BowLimbPart. 64xitem.tconstruct.BowLimb@0
override_with_nbt called. Params: TConstruct, CrossbowBodyPart
Regex match found! TConstruct:CrossbowBodyPart matches TConstruct:CrossbowBodyPart.
Found ItemStack TConstruct:CrossbowBodyPart. 64xitem.tconstruct.CrossbowBody@0
override_with_nbt called. Params: TConstruct, BoltPart
Regex match found! TConstruct:BoltPart matches TConstruct:BoltPart.
Found ItemStack TConstruct:BoltPart. 64xitem.tconstruct.Bolt@0
override_with_nbt called. Params: TConstruct, creativeModifier
Regex match found! TConstruct:creativeModifier matches TConstruct:creativeModifier.
Found ItemStack TConstruct:creativeModifier. 64xitem.tconstruct.modifier.creative@0
override called. Params: TConstruct, fullGuard, 0
Regex match found! TConstruct:fullGuard matches TConstruct:fullGuard.
Found ItemStack TConstruct:fullGuard. 64xitem.tconstruct.FullGuard@0
Loading: MFR.js
override called. Params: MineFactoryReloaded, tile.mfr.stainedglass.block, 0
hide called. Params: MineFactoryReloaded:fluid.mfr.liquid.milk.still, 0
override called. Params: MineFactoryReloaded, tile.mfr.stainedglass.pane, 0
override called. Params: MineFactoryReloaded, tile.mfr.conveyor, 0
